<?xml version="1.0" encoding="UTF-8"?>
<testsuite name="UserRegistrationTest" tests="1" skipped="0" failures="0" errors="0" timestamp="2022-03-30T09:18:21" hostname="DESKTOP-48FV798" time="0.05">
  <properties/>
  <testcase name="validLastName()" classname="UserRegistrationTest" time="0.05"/>
  <system-out><![CDATA[match found
]]></system-out>
  <system-err><![CDATA[]]></system-err>
</testsuite>
